2025-01-19 11:36:22,748 - __main__ - INFO - API isteði gönderiliyor. Prompt: a beautiful sunset over mountains
2025-01-19 11:36:22,912 - __main__ - ERROR - API isteði hatasý: HTTPSConnectionPool(host='www.lastroom.ct.ws', port=443): Max retries exceeded with url: /ai-image/?prompt=a+beautiful+sunset+over+mountains (Caused by SSLError(SSLCertVerificationError(1, '[SSL: CERTIFICATE_VERIFY_FAILED] certificate verify failed: unable to get local issuer certificate (_ssl.c:997)')))
2025-01-19 11:36:22,928 - __main__ - INFO - API isteði gönderiliyor. Prompt: cute cat playing with yarn
2025-01-19 11:36:23,064 - __main__ - ERROR - API isteði hatasý: HTTPSConnectionPool(host='www.lastroom.ct.ws', port=443): Max retries exceeded with url: /ai-image/?prompt=cute+cat+playing+with+yarn (Caused by SSLError(SSLCertVerificationError(1, '[SSL: CERTIFICATE_VERIFY_FAILED] certificate verify failed: unable to get local issuer certificate (_ssl.c:997)')))
2025-01-19 11:36:23,064 - __main__ - INFO - API isteði gönderiliyor. Prompt: futuristic city at night
2025-01-19 11:36:23,217 - __main__ - ERROR - API isteði hatasý: HTTPSConnectionPool(host='www.lastroom.ct.ws', port=443): Max retries exceeded with url: /ai-image/?prompt=futuristic+city+at+night (Caused by SSLError(SSLCertVerificationError(1, '[SSL: CERTIFICATE_VERIFY_FAILED] certificate verify failed: unable to get local issuer certificate (_ssl.c:997)')))
2025-01-19 11:37:58,447 - __main__ - INFO - API isteði gönderiliyor. Prompt: a beautiful sunset over mountains
2025-01-19 11:37:58,767 - __main__ - INFO - API yanýt kodu: 200
2025-01-19 11:37:58,767 - __main__ - INFO - API yanýtý: <html><body><script type="text/javascript" src="/aes.js" ></script><script>function toNumbers(d){var e=[];d.replace(/(..)/g,function(d){e.push(parseInt(d,16))});return e}function toHex(){for(var d=[],...
2025-01-19 11:37:58,767 - __main__ - INFO - Baþarýlý yanýt alýndý, HTML içeriði parse ediliyor...
2025-01-19 11:37:58,871 - __main__ - INFO - Script içeriði: Boþ script
2025-01-19 11:37:58,872 - __main__ - INFO - Script içeriði: function toNumbers(d){var e=[];d.replace(/(..)/g,function(d){e.push(parseInt(d,16))});return e}function toHex(){for(var d=[],d=1==arguments.length&&arguments[0].constructor==Array?arguments[0]:arguments,e="",f=0;f<d.length;f++)e+=(16>d[f]?"0":"")+d[f].toString(16);return e.toLowerCase()}var a=toNumbers("f655ba9d09a112d4968c63579db590b4"),b=toNumbers("98344c2eee86c3994890592585b49f80"),c=toNumbers("ea1ed378047ca79c6de54002b8a128fa");document.cookie="__test="+toHex(slowAES.decrypt(c,2,a,b))+"; expires=Thu, 31-Dec-37 23:55:55 GMT; path=/"; location.href="https://www.lastroom.ct.ws/ai-image/?prompt=a+beautiful+sunset+over+mountains&i=1";
2025-01-19 11:37:58,873 - __main__ - INFO - API isteði gönderiliyor. Prompt: cute cat playing with yarn
2025-01-19 11:37:59,150 - __main__ - INFO - API yanýt kodu: 200
2025-01-19 11:37:59,150 - __main__ - INFO - API yanýtý: <html><body><script type="text/javascript" src="/aes.js" ></script><script>function toNumbers(d){var e=[];d.replace(/(..)/g,function(d){e.push(parseInt(d,16))});return e}function toHex(){for(var d=[],...
2025-01-19 11:37:59,150 - __main__ - INFO - Baþarýlý yanýt alýndý, HTML içeriði parse ediliyor...
2025-01-19 11:37:59,150 - __main__ - INFO - Script içeriði: Boþ script
2025-01-19 11:37:59,150 - __main__ - INFO - Script içeriði: function toNumbers(d){var e=[];d.replace(/(..)/g,function(d){e.push(parseInt(d,16))});return e}function toHex(){for(var d=[],d=1==arguments.length&&arguments[0].constructor==Array?arguments[0]:arguments,e="",f=0;f<d.length;f++)e+=(16>d[f]?"0":"")+d[f].toString(16);return e.toLowerCase()}var a=toNumbers("f655ba9d09a112d4968c63579db590b4"),b=toNumbers("98344c2eee86c3994890592585b49f80"),c=toNumbers("ea1ed378047ca79c6de54002b8a128fa");document.cookie="__test="+toHex(slowAES.decrypt(c,2,a,b))+"; expires=Thu, 31-Dec-37 23:55:55 GMT; path=/"; location.href="https://www.lastroom.ct.ws/ai-image/?prompt=cute+cat+playing+with+yarn&i=1";
2025-01-19 11:37:59,161 - __main__ - INFO - API isteði gönderiliyor. Prompt: futuristic city at night
2025-01-19 11:37:59,450 - __main__ - INFO - API yanýt kodu: 200
2025-01-19 11:37:59,450 - __main__ - INFO - API yanýtý: <html><body><script type="text/javascript" src="/aes.js" ></script><script>function toNumbers(d){var e=[];d.replace(/(..)/g,function(d){e.push(parseInt(d,16))});return e}function toHex(){for(var d=[],...
2025-01-19 11:37:59,450 - __main__ - INFO - Baþarýlý yanýt alýndý, HTML içeriði parse ediliyor...
2025-01-19 11:37:59,450 - __main__ - INFO - Script içeriði: Boþ script
2025-01-19 11:37:59,450 - __main__ - INFO - Script içeriði: function toNumbers(d){var e=[];d.replace(/(..)/g,function(d){e.push(parseInt(d,16))});return e}function toHex(){for(var d=[],d=1==arguments.length&&arguments[0].constructor==Array?arguments[0]:arguments,e="",f=0;f<d.length;f++)e+=(16>d[f]?"0":"")+d[f].toString(16);return e.toLowerCase()}var a=toNumbers("f655ba9d09a112d4968c63579db590b4"),b=toNumbers("98344c2eee86c3994890592585b49f80"),c=toNumbers("ea1ed378047ca79c6de54002b8a128fa");document.cookie="__test="+toHex(slowAES.decrypt(c,2,a,b))+"; expires=Thu, 31-Dec-37 23:55:55 GMT; path=/"; location.href="https://www.lastroom.ct.ws/ai-image/?prompt=futuristic+city+at+night&i=1";
